This is pdfTeX, Version 3.14159265-2.6-1.40.20 (TeX Live 2019/Debian) (preloaded format=pdflatex 2021.10.6)  14 NOV 2021 14:04
entering extended mode
 restricted \write18 enabled.
 file:line:error style messages enabled.
 %&-line parsing enabled.
**/media/totoro/Data/Programming/github/os_lab/lab.tex
(/media/totoro/Data/Programming/github/os_lab/lab.tex
LaTeX2e <2020-02-02> patch level 2
L3 programming layer <2020-02-14> (/usr/share/texlive/texmf-dist/tex/latex/base/article.cls
Document Class: article 2019/12/20 v1.4l Standard LaTeX document class
(/usr/share/texlive/texmf-dist/tex/latex/base/size10.clo
File: size10.clo 2019/12/20 v1.4l Standard LaTeX file (size option)
)
\c@part=\count167
\c@section=\count168
\c@subsection=\count169
\c@subsubsection=\count170
\c@paragraph=\count171
\c@subparagraph=\count172
\c@figure=\count173
\c@table=\count174
\abovecaptionskip=\skip47
\belowcaptionskip=\skip48
\bibindent=\dimen134
) (/usr/share/texlive/texmf-dist/tex/latex/geometry/geometry.sty
Package: geometry 2020/01/02 v5.9 Page Geometry
 (/usr/share/texlive/texmf-dist/tex/latex/graphics/keyval.sty
Package: keyval 2014/10/28 v1.15 key=value parser (DPC)
\KV@toks@=\toks14
) (/usr/share/texlive/texmf-dist/tex/generic/iftex/ifvtex.sty
Package: ifvtex 2019/10/25 v1.7 ifvtex legacy package. Use iftex instead.
 (/usr/share/texlive/texmf-dist/tex/generic/iftex/iftex.sty
Package: iftex 2019/11/07 v1.0c TeX engine tests
))
\Gm@cnth=\count175
\Gm@cntv=\count176
\c@Gm@tempcnt=\count177
\Gm@bindingoffset=\dimen135
\Gm@wd@mp=\dimen136
\Gm@odd@mp=\dimen137
\Gm@even@mp=\dimen138
\Gm@layoutwidth=\dimen139
\Gm@layoutheight=\dimen140
\Gm@layouthoffset=\dimen141
\Gm@layoutvoffset=\dimen142
\Gm@dimlist=\toks15
) (/usr/share/texlive/texmf-dist/tex/latex/listings/listings.sty
\lst@mode=\count178
\lst@gtempboxa=\box45
\lst@token=\toks16
\lst@length=\count179
\lst@currlwidth=\dimen143
\lst@column=\count180
\lst@pos=\count181
\lst@lostspace=\dimen144
\lst@width=\dimen145
\lst@newlines=\count182
\lst@lineno=\count183
\lst@maxwidth=\dimen146
 (/usr/share/texlive/texmf-dist/tex/latex/listings/lstmisc.sty
File: lstmisc.sty 2019/09/10 1.8c (Carsten Heinz)
\c@lstnumber=\count184
\lst@skipnumbers=\count185
\lst@framebox=\box46
) (/usr/share/texlive/texmf-dist/tex/latex/listings/listings.cfg
File: listings.cfg 2019/09/10 1.8c listings configuration
))
Package: listings 2019/09/10 1.8c (Carsten Heinz)
 (/usr/share/texlive/texmf-dist/tex/latex/graphics/color.sty
Package: color 2019/11/23 v1.2a Standard LaTeX Color (DPC)
 (/usr/share/texlive/texmf-dist/tex/latex/graphics-cfg/color.cfg
File: color.cfg 2016/01/02 v1.6 sample color configuration
)
Package color Info: Driver file: pdftex.def on input line 147.
 (/usr/share/texlive/texmf-dist/tex/latex/graphics-def/pdftex.def
File: pdftex.def 2018/01/08 v1.0l Graphics/color driver for pdftex
)) (/usr/share/texlive/texmf-dist/tex/latex/l3backend/l3backend-pdfmode.def
File: l3backend-pdfmode.def 2020-02-03 L3 backend support: PDF mode
\l__kernel_color_stack_int=\count186
\l__pdf_internal_box=\box47
) (/media/totoro/Data/Programming/github/os_lab/lab.aux)
\openout1 = `lab.aux'.

LaTeX Font Info:    Checking defaults for OML/cmm/m/it on input line 37.
LaTeX Font Info:    ... okay on input line 37.
LaTeX Font Info:    Checking defaults for OMS/cmsy/m/n on input line 37.
LaTeX Font Info:    ... okay on input line 37.
LaTeX Font Info:    Checking defaults for OT1/cmr/m/n on input line 37.
LaTeX Font Info:    ... okay on input line 37.
LaTeX Font Info:    Checking defaults for T1/cmr/m/n on input line 37.
LaTeX Font Info:    ... okay on input line 37.
LaTeX Font Info:    Checking defaults for TS1/cmr/m/n on input line 37.
LaTeX Font Info:    ... okay on input line 37.
LaTeX Font Info:    Checking defaults for OMX/cmex/m/n on input line 37.
LaTeX Font Info:    ... okay on input line 37.
LaTeX Font Info:    Checking defaults for U/cmr/m/n on input line 37.
LaTeX Font Info:    ... okay on input line 37.

*geometry* driver: auto-detecting
*geometry* detected driver: pdftex
*geometry* verbose mode - [ preamble ] result:
* driver: pdftex
* paper: a4paper
* layout: <same size as paper>
* layoutoffset:(h,v)=(0.0pt,0.0pt)
* modes: 
* h-part:(L,W,R)=(81.94394pt, 433.62pt, 81.94394pt)
* v-part:(T,H,B)=(106.75473pt, 578.15999pt, 160.13213pt)
* \paperwidth=597.50787pt
* \paperheight=845.04684pt
* \textwidth=433.62pt
* \textheight=578.15999pt
* \oddsidemargin=9.67395pt
* \evensidemargin=9.67395pt
* \topmargin=-2.51526pt
* \headheight=12.0pt
* \headsep=25.0pt
* \topskip=10.0pt
* \footskip=30.0pt
* \marginparwidth=65.0pt
* \marginparsep=11.0pt
* \columnsep=10.0pt
* \skip\footins=9.0pt plus 4.0pt minus 2.0pt
* \hoffset=0.0pt
* \voffset=0.0pt
* \mag=1000
* \@twocolumnfalse
* \@twosidefalse
* \@mparswitchfalse
* \@reversemarginfalse
* (1in=72.27pt=25.4mm, 1cm=28.453pt)

\c@lstlisting=\count187
(/usr/share/texlive/texmf-dist/tex/context/base/mkii/supp-pdf.mkii
[Loading MPS to PDF converter (version 2006.09.02).]
\scratchcounter=\count188
\scratchdimen=\dimen147
\scratchbox=\box48
\nofMPsegments=\count189
\nofMParguments=\count190
\everyMPshowfont=\toks17
\MPscratchCnt=\count191
\MPscratchDim=\dimen148
\MPnumerator=\count192
\makeMPintoPDFobject=\count193
\everyMPtoPDFconversion=\toks18
) (/media/totoro/Data/Programming/github/os_lab/lab.toc)
\tf@toc=\write3
\openout3 = `lab.toc'.

 [1

{/var/lib/texmf/fonts/map/pdftex/updmap/pdftex.map}] (/usr/share/texlive/texmf-dist/tex/latex/listings/lstlang1.sty
File: lstlang1.sty 2019/09/10 1.8c listings language file
) (/usr/share/texlive/texmf-dist/tex/latex/listings/lstmisc.sty
File: lstmisc.sty 2019/09/10 1.8c (Carsten Heinz)
) (/media/totoro/Data/Programming/github/os_lab/labs/week1.1.c) (/media/totoro/Data/Programming/github/os_lab/labs/week1.1.txt) (/media/totoro/Data/Programming/github/os_lab/labs/week1.2.c) (/media/totoro/Data/Programming/github/os_lab/labs/week1.2.txt) [2] (/media/totoro/Data/Programming/github/os_lab/labs/week2.c) (/media/totoro/Data/Programming/github/os_lab/labs/week2.txt) [3] (/media/totoro/Data/Programming/github/os_lab/labs/week3.c) (/media/totoro/Data/Programming/github/os_lab/labs/week3.txt) [4] (/media/totoro/Data/Programming/github/os_lab/labs/week4.1.c) (/media/totoro/Data/Programming/github/os_lab/labs/week4.1.txt) (/media/totoro/Data/Programming/github/os_lab/labs/week4.2.c) (/media/totoro/Data/Programming/github/os_lab/labs/week4.2.txt) [5] (/media/totoro/Data/Programming/github/os_lab/labs/week5.c) (/media/totoro/Data/Programming/github/os_lab/labs/week5.txt) [6] (/media/totoro/Data/Programming/github/os_lab/labs/week6.1.c) (/media/totoro/Data/Programming/github/os_lab/labs/week6.2.c [7]) (/media/totoro/Data/Programming/github/os_lab/labs/week5.txt) [8] (/media/totoro/Data/Programming/github/os_lab/labs/week7.1.c) (/media/totoro/Data/Programming/github/os_lab/labs/week7.2.c [9]) (/media/totoro/Data/Programming/github/os_lab/labs/week5.txt) [10] (/media/totoro/Data/Programming/github/os_lab/labs/week8.1.c) (/media/totoro/Data/Programming/github/os_lab/labs/week8.2.c [11]) (/media/totoro/Data/Programming/github/os_lab/labs/week5.txt) (/media/totoro/Data/Programming/github/os_lab/labs/week8.3.c) [12] (/media/totoro/Data/Programming/github/os_lab/labs/week9.1.c [13]) (/media/totoro/Data/Programming/github/os_lab/labs/week9.1.txt [14]) (/media/totoro/Data/Programming/github/os_lab/labs/week9.2.c) [15] (/media/totoro/Data/Programming/github/os_lab/labs/week9.2.txt) [16] (/media/totoro/Data/Programming/github/os_lab/labs/week10.1.c [17]) (/media/totoro/Data/Programming/github/os_lab/labs/week10.1.txt [18]) (/media/totoro/Data/Programming/github/os_lab/labs/week10.2.c [19]) (/media/totoro/Data/Programming/github/os_lab/labs/week10.2.txt) [20] (/media/totoro/Data/Programming/github/os_lab/labs/week11.1.c [21]) (/media/totoro/Data/Programming/github/os_lab/labs/week11.1.txt [22]) (/media/totoro/Data/Programming/github/os_lab/labs/week11.2.c [23]) (/media/totoro/Data/Programming/github/os_lab/labs/week11.2.txt) [24] (/media/totoro/Data/Programming/github/os_lab/labs/week12.c [25]) (/media/totoro/Data/Programming/github/os_lab/labs/week12.txt) [26] (/media/totoro/Data/Programming/github/os_lab/labs/week13.c [27]) (/media/totoro/Data/Programming/github/os_lab/labs/week13.txt [28]) [29] (/media/totoro/Data/Programming/github/os_lab/lab.aux) ) 
Here is how much of TeX's memory you used:
 3616 strings out of 481239
 52485 string characters out of 5920377
 697736 words of memory out of 5000000
 18803 multiletter control sequences out of 15000+600000
 534193 words of font info for 31 fonts, out of 8000000 for 9000
 1141 hyphenation exceptions out of 8191
 31i,6n,53p,270b,1716s stack positions out of 5000i,500n,10000p,200000b,80000s
</usr/share/texlive/texmf-dist/fonts/type1/public/amsfonts/cm/cmbx10.pfb></usr/share/texlive/texmf-dist/fonts/type1/public/amsfonts/cm/cmbx12.pfb></usr/share/texlive/texmf-dist/fonts/type1/public/amsfonts/cm/cmr10.pfb></usr/share/texlive/texmf-dist/fonts/type1/public/amsfonts/cm/cmtt8.pfb>
Output written on /media/totoro/Data/Programming/github/os_lab/lab.pdf (29 pages, 119093 bytes).
PDF statistics:
 113 PDF objects out of 1000 (max. 8388607)
 77 compressed objects within 1 object stream
 0 named destinations out of 1000 (max. 500000)
 1 words of extra memory for PDF output out of 10000 (max. 10000000)

